<?xml version="1.0" encoding="UTF-8"?>
<testng-results skipped="0" failed="0" ignored="0" total="1" passed="1">
  <reporter-output>
  </reporter-output>
  <suite name="mySuiteFacebook" duration-ms="8595" started-at="2019-12-07T12:59:31 CST" finished-at="2019-12-07T12:59:40 CST">
    <groups>
    </groups>
    <test name="myFacebook_lite" duration-ms="8595" started-at="2019-12-07T12:59:31 CST" finished-at="2019-12-07T12:59:40 CST">
      <class name="com.qaminds.facebook.IntroductionTest">
        <test-method status="PASS" signature="chargeDriver()[pri:0, instance:com.qaminds.facebook.IntroductionTest@5ce81285]" name="chargeDriver" is-config="true" duration-ms="20383" started-at="2019-12-07T12:59:11 CST" finished-at="2019-12-07T12:59:31 CST">
          <reporter-output>
          </reporter-output>
        </test-method> <!-- chargeDriver -->
        <test-method status="PASS" signature="validationTest()[pri:0, instance:com.qaminds.facebook.IntroductionTest@5ce81285]" name="validationTest" duration-ms="8569" started-at="2019-12-07T12:59:31 CST" finished-at="2019-12-07T12:59:40 CST">
          <reporter-output>
          </reporter-output>
        </test-method> <!-- validationTest -->
        <test-method status="PASS" signature="finishDriver()[pri:0, instance:com.qaminds.facebook.IntroductionTest@5ce81285]" name="finishDriver" is-config="true" duration-ms="229" started-at="2019-12-07T12:59:40 CST" finished-at="2019-12-07T12:59:40 CST">
          <reporter-output>
          </reporter-output>
        </test-method> <!-- finishDriver -->
      </class> <!-- com.qaminds.facebook.IntroductionTest -->
    </test> <!-- myFacebook_lite -->
  </suite> <!-- mySuiteFacebook -->
</testng-results>
